## logging started: 2020/05/03 20:44:46
## Command-line arguments: [mdgb --clean]

###############################################################################
Pre-Processing for Full Clean started
###############################################################################

###############################################################################
Pre-Processing for Full Clean finished
Time taken for Pre-Processing for Full Clean:: 00:00:00:047 hh:mm:ss:ms
###############################################################################

###############################################################################
Clean action: configure
###############################################################################

###############################################################################
Clean of action configure finished
Time taken for Clean Build Action:: 00:00:00:002 hh:mm:ss:ms
###############################################################################

###############################################################################
Clean action: projectsize
###############################################################################

###############################################################################
Clean of action projectsize finished
Time taken for Clean Build Action:: 00:00:00:000 hh:mm:ss:ms
###############################################################################

###############################################################################
Clean action: coreproc
###############################################################################

###############################################################################
Clean of action coreproc finished
Time taken for Clean Build Action:: 00:00:00:000 hh:mm:ss:ms
###############################################################################

###############################################################################
Clean action: coreproc.process_core_headerfiles
###############################################################################

###############################################################################
Clean of action coreproc.process_core_headerfiles finished
Time taken for Clean Build Action:: 00:00:00:004 hh:mm:ss:ms
###############################################################################

###############################################################################
Clean action: coreproc.process_core_invfiles
###############################################################################

###############################################################################
Clean of action coreproc.process_core_invfiles finished
Time taken for Clean Build Action:: 00:00:00:001 hh:mm:ss:ms
###############################################################################

###############################################################################
Clean action: rtegen
###############################################################################

###############################################################################
Clean of action rtegen finished
Time taken for Clean Build Action:: 00:00:00:000 hh:mm:ss:ms
###############################################################################

###############################################################################
Clean action: rtegen.iceara2l
###############################################################################

###############################################################################
Clean of action rtegen.iceara2l finished
Time taken for Clean Build Action:: 00:00:00:000 hh:mm:ss:ms
###############################################################################

###############################################################################
Clean action: data
###############################################################################

###############################################################################
Clean of action data finished
Time taken for Clean Build Action:: 00:00:00:004 hh:mm:ss:ms
###############################################################################

###############################################################################
Clean action: corepost.dsmplausibility
###############################################################################

###############################################################################
Clean of action corepost.dsmplausibility finished
Time taken for Clean Build Action:: 00:00:00:000 hh:mm:ss:ms
###############################################################################

###############################################################################
Clean action: corepost.rtaos
###############################################################################

###############################################################################
Clean of action corepost.rtaos finished
Time taken for Clean Build Action:: 00:00:00:000 hh:mm:ss:ms
###############################################################################

###############################################################################
Clean action: corepost.swtrace
###############################################################################

###############################################################################
Clean of action corepost.swtrace finished
Time taken for Clean Build Action:: 00:00:00:000 hh:mm:ss:ms
###############################################################################

###############################################################################
Clean action: build.header_default
###############################################################################

###############################################################################
Clean of action build.header_default finished
Time taken for Clean Build Action:: 00:00:00:021 hh:mm:ss:ms
###############################################################################

###############################################################################
Clean action: build.initialization
###############################################################################

###############################################################################
Clean of action build.initialization finished
Time taken for Clean Build Action:: 00:00:00:000 hh:mm:ss:ms
###############################################################################

###############################################################################
Clean action: build.assemble
###############################################################################

###############################################################################
Clean of action build.assemble finished
Time taken for Clean Build Action:: 00:00:00:002 hh:mm:ss:ms
###############################################################################

###############################################################################
Clean action: build.precompile
###############################################################################

###############################################################################
Clean of action build.precompile finished
Time taken for Clean Build Action:: 00:00:00:001 hh:mm:ss:ms
###############################################################################

###############################################################################
Clean action: build.compile
###############################################################################

###############################################################################
Clean of action build.compile finished
Time taken for Clean Build Action:: 00:00:00:000 hh:mm:ss:ms
###############################################################################

###############################################################################
Clean action: build.postcompile
###############################################################################

###############################################################################
Clean of action build.postcompile finished
Time taken for Clean Build Action:: 00:00:00:001 hh:mm:ss:ms
###############################################################################

###############################################################################
Clean action: build.libgen
###############################################################################

###############################################################################
Clean of action build.libgen finished
Time taken for Clean Build Action:: 00:00:00:000 hh:mm:ss:ms
###############################################################################

###############################################################################
Clean action: build.linkerpreproc
###############################################################################

###############################################################################
Clean of action build.linkerpreproc finished
Time taken for Clean Build Action:: 00:00:00:002 hh:mm:ss:ms
###############################################################################

###############################################################################
Clean action: build.linker
###############################################################################

###############################################################################
Clean of action build.linker finished
Time taken for Clean Build Action:: 00:00:00:000 hh:mm:ss:ms
###############################################################################

###############################################################################
Clean action: build.hexgen
###############################################################################

###############################################################################
Clean of action build.hexgen finished
Time taken for Clean Build Action:: 00:00:00:001 hh:mm:ss:ms
###############################################################################

###############################################################################
Clean action: asap2.pavalaospgen
###############################################################################

###############################################################################
Clean of action asap2.pavalaospgen finished
Time taken for Clean Build Action:: 00:00:00:000 hh:mm:ss:ms
###############################################################################

###############################################################################
Clean action: asap2.partiala2l
###############################################################################

###############################################################################
Clean of action asap2.partiala2l finished
Time taken for Clean Build Action:: 00:00:00:000 hh:mm:ss:ms
###############################################################################

###############################################################################
Clean action: asap2.adc
###############################################################################

###############################################################################
Clean of action asap2.adc finished
Time taken for Clean Build Action:: 00:00:00:000 hh:mm:ss:ms
###############################################################################

###############################################################################
Clean action: asap2.msra2lgen
###############################################################################

###############################################################################
Clean of action asap2.msra2lgen finished
Time taken for Clean Build Action:: 00:00:00:000 hh:mm:ss:ms
###############################################################################

###############################################################################
Clean action: asap2.a2lext1
###############################################################################

###############################################################################
Clean of action asap2.a2lext1 finished
Time taken for Clean Build Action:: 00:00:00:000 hh:mm:ss:ms
###############################################################################

###############################################################################
Clean action: asap2.a2lmerge
###############################################################################

###############################################################################
Clean of action asap2.a2lmerge finished
Time taken for Clean Build Action:: 00:00:00:000 hh:mm:ss:ms
###############################################################################

###############################################################################
Clean action: asap2.a2lext2
###############################################################################

###############################################################################
Clean of action asap2.a2lext2 finished
Time taken for Clean Build Action:: 00:00:00:000 hh:mm:ss:ms
###############################################################################

###############################################################################
Clean action: hexmod
###############################################################################

###############################################################################
Clean of action hexmod finished
Time taken for Clean Build Action:: 00:00:00:000 hh:mm:ss:ms
###############################################################################

###############################################################################
Clean action: ehooks
###############################################################################

###############################################################################
Clean of action ehooks finished
Time taken for Clean Build Action:: 00:00:00:000 hh:mm:ss:ms
###############################################################################

###############################################################################
Clean action: writeresults.initialization
###############################################################################

###############################################################################
Clean of action writeresults.initialization finished
Time taken for Clean Build Action:: 00:00:00:000 hh:mm:ss:ms
###############################################################################

###############################################################################
Clean action: hexmod.write_build_results
###############################################################################

# Cleaning MDGB artefacts from ContainerCatalog
# Removing all generated by 'MDGB catalog.write_build_results'
###############################################################################
Clean of action hexmod.write_build_results finished
Time taken for Clean Build Action:: 00:00:02:349 hh:mm:ss:ms
###############################################################################

###############################################################################
Clean action: build.c_for_debugger
###############################################################################

###############################################################################
Clean of action build.c_for_debugger finished
Time taken for Clean Build Action:: 00:00:00:001 hh:mm:ss:ms
###############################################################################

###############################################################################
Clean action: build.del_h_comment
###############################################################################

###############################################################################
Clean of action build.del_h_comment finished
Time taken for Clean Build Action:: 00:00:00:000 hh:mm:ss:ms
###############################################################################

###############################################################################
Clean action: build.c_to_o
###############################################################################

###############################################################################
Clean of action build.c_to_o finished
Time taken for Clean Build Action:: 00:00:00:001 hh:mm:ss:ms
###############################################################################

###############################################################################
Clean action: build.c_to_temps
###############################################################################

###############################################################################
Clean of action build.c_to_temps finished
Time taken for Clean Build Action:: 00:00:00:000 hh:mm:ss:ms
###############################################################################

###############################################################################
Clean action: build.check_debug_info
###############################################################################

###############################################################################
Clean of action build.check_debug_info finished
Time taken for Clean Build Action:: 00:00:00:001 hh:mm:ss:ms
###############################################################################

###############################################################################
Clean action: build.check_duplicate_symbols
###############################################################################

###############################################################################
Clean of action build.check_duplicate_symbols finished
Time taken for Clean Build Action:: 00:00:00:000 hh:mm:ss:ms
###############################################################################

###############################################################################
Clean action: build.gen_no_debug_info
###############################################################################

###############################################################################
Clean of action build.gen_no_debug_info finished
Time taken for Clean Build Action:: 00:00:00:001 hh:mm:ss:ms
###############################################################################

###############################################################################
Clean action: docdata.genlist
###############################################################################

###############################################################################
Clean of action docdata.genlist finished
Time taken for Clean Build Action:: 00:00:00:000 hh:mm:ss:ms
###############################################################################

###############################################################################
Clean action: ehooks.gen_a2l_hex
###############################################################################

###############################################################################
Clean of action ehooks.gen_a2l_hex finished
Time taken for Clean Build Action:: 00:00:00:000 hh:mm:ss:ms
###############################################################################

###############################################################################
Clean action: postproc.archive_cleanup
###############################################################################

###############################################################################
Clean of action postproc.archive_cleanup finished
Time taken for Clean Build Action:: 00:00:00:000 hh:mm:ss:ms
###############################################################################

###############################################################################
Clean action: catalog.write_build_results
###############################################################################

# Cleaning MDGB artefacts from ContainerCatalog
# Removing all generated by 'MDGB catalog.write_build_results'
###############################################################################
Clean of action catalog.write_build_results finished
Time taken for Clean Build Action:: 00:00:02:139 hh:mm:ss:ms
###############################################################################

###############################################################################
Post-Processing for Full Clean started
###############################################################################

# Deleting mdgb output folders.

###############################################################################
Post-Processing for Full Clean finished
Time taken for Post-Processing for Full Clean:: 00:00:00:009 hh:mm:ss:ms
###############################################################################

###############################################################################
Summary for Full Clean on 2020/05/03 20:44:52

###############################################################################
- configure :: Success
- projectsize :: Success
- coreproc :: Success
- coreproc.process_core_headerfiles :: Success
- coreproc.process_core_invfiles :: Success
- rtegen :: Success
- rtegen.iceara2l :: Success
- data :: Success
- corepost.dsmplausibility :: Success
- corepost.rtaos :: Success
- corepost.swtrace :: Success
- build.header_default :: Success
- build.initialization :: Success
- build.assemble :: Success
- build.precompile :: Success
- build.compile :: Success
- build.postcompile :: Success
- build.libgen :: Success
- build.linkerpreproc :: Success
- build.linker :: Success
- build.hexgen :: Success
- asap2.pavalaospgen :: Success
- asap2.partiala2l :: Success
- asap2.adc :: Success
- asap2.msra2lgen :: Success
- asap2.a2lext1 :: Success
- asap2.a2lmerge :: Success
- asap2.a2lext2 :: Success
- hexmod :: Success
- ehooks :: Success
- writeresults.initialization :: Success
- hexmod.write_build_results :: Success
- build.c_for_debugger :: Success
- build.del_h_comment :: Success
- build.c_to_o :: Success
- build.c_to_temps :: Success
- build.check_debug_info :: Success
- build.check_duplicate_symbols :: Success
- build.gen_no_debug_info :: Success
- docdata.genlist :: Success
- ehooks.gen_a2l_hex :: Success
- postproc.archive_cleanup :: Success
- catalog.write_build_results :: Success

Time taken for Full Clean:: 00:00:06:087 hh:mm:ss:ms
